[32m2026-01-06 22:29:08.357[0m | [31m[1mERROR   [0m | [36mmagic_pdf.tools.cli[0m:[36mparse_doc[0m:[36m134[0m - [31m[1mC:\Users\kabada\magic-pdf.json not found[0m
[33m[1mTraceback (most recent call last):[0m

  File "<frozen runpy>", line 198, in _run_module_as_main
  File "<frozen runpy>", line 88, in _run_code

  File "[32mC:\Users\kabada\.conda\envs\ai_review\Scripts\magic-pdf.exe\[0m[32m[1m__main__.py[0m", line [33m6[0m, in [35m<module>[0m
    [1msys[0m[35m[1m.[0m[1mexit[0m[1m([0m[1mcli[0m[1m([0m[1m)[0m[1m)[0m
    [36mïżœïżœ   ïżœïżœ    ïżœïżœ [0m[36m[1m<Command cli>[0m
    [36mïżœïżœ   ïżœïżœ [0m[36m[1m<built-in function exit>[0m
    [36mïżœïżœ [0m[36m[1m<module 'sys' (built-in)>[0m

  File "C:\Users\kabada\.conda\envs\ai_review\Lib\site-packages\click\core.py", line 1485, in __call__
    return self.main(*args, **kwargs)
           ïżœïżœ    ïżœïżœ     ïżœïżœ       ïżœïżœ {}
           ïżœïżœ    ïżœïżœ     ïżœïżœ ()
           ïżœïżœ    ïżœïżœ <function Command.main at 0x000001F4BF3F1300>
           ïżœïżœ <Command cli>
  File "C:\Users\kabada\.conda\envs\ai_review\Lib\site-packages\click\core.py", line 1406, in main
    rv = self.invoke(ctx)
         ïżœïżœ    ïżœïżœ      ïżœïżœ <click.core.Context object at 0x000001F4BD672A50>
         ïżœïżœ    ïżœïżœ <function Command.invoke at 0x000001F4BF3F0FE0>
         ïżœïżœ <Command cli>
  File "C:\Users\kabada\.conda\envs\ai_review\Lib\site-packages\click\core.py", line 1269, in invoke
    return ctx.invoke(self.callback, **ctx.params)
           ïżœïżœ   ïżœïżœ      ïżœïżœ    ïżœïżœ           ïżœïżœ   ïżœïżœ {'path': 'E:\\code\\fastMCP\\ai_review\\code_evaluation\\papers\\compgcn\\compgcn_Composition-based Multi-Relational Graph Co...
           ïżœïżœ   ïżœïżœ      ïżœïżœ    ïżœïżœ           ïżœïżœ <click.core.Context object at 0x000001F4BD672A50>
           ïżœïżœ   ïżœïżœ      ïżœïżœ    ïżœïżœ <function cli at 0x000001F4F4B0E0C0>
           ïżœïżœ   ïżœïżœ      ïżœïżœ <Command cli>
           ïżœïżœ   ïżœïżœ <function Context.invoke at 0x000001F4BF3F0220>
           ïżœïżœ <click.core.Context object at 0x000001F4BD672A50>
  File "C:\Users\kabada\.conda\envs\ai_review\Lib\site-packages\click\core.py", line 824, in invoke
    return callback(*args, **kwargs)
           ïżœïżœ         ïżœïżœ       ïżœïżœ {'path': 'E:\\code\\fastMCP\\ai_review\\code_evaluation\\papers\\compgcn\\compgcn_Composition-based Multi-Relational Graph Co...
           ïżœïżœ         ïżœïżœ ()
           ïżœïżœ <function cli at 0x000001F4F4B0E0C0>
  File "C:\Users\kabada\.conda\envs\ai_review\Lib\site-packages\magic_pdf\tools\cli.py", line 155, in cli
    parse_doc(Path(path))
    ïżœïżœ         ïżœïżœ    ïżœïżœ 'E:\\code\\fastMCP\\ai_review\\code_evaluation\\papers\\compgcn\\compgcn_Composition-based Multi-Relational Graph Convolution...
    ïżœïżœ         ïżœïżœ <class 'pathlib.Path'>
    ïżœïżœ <function cli.<locals>.parse_doc at 0x000001F4BD65FEC0>
> File "C:\Users\kabada\.conda\envs\ai_review\Lib\site-packages\magic_pdf\tools\cli.py", line 121, in parse_doc
    do_parse(
    ïżœïżœ <function do_parse at 0x000001F4F4B0D6C0>
  File "C:\Users\kabada\.conda\envs\ai_review\Lib\site-packages\magic_pdf\tools\common.py", line 284, in do_parse
    _do_parse(output_dir, pdf_file_name, pdf_bytes_or_dataset, model_list, parse_method, debug_able, start_page_id=start_page_id, end_page_id=end_page_id, lang=lang, layout_model=layout_model, formula_enable=formula_enable, table_enable=table_enable,  f_draw_span_bbox=f_draw_span_bbox, f_draw_layout_bbox=f_draw_layout_bbox, f_dump_md=f_dump_md, f_dump_middle_json=f_dump_middle_json, f_dump_model_json=f_dump_model_json, f_dump_orig_pdf=f_dump_orig_pdf, f_dump_content_list=f_dump_content_list, f_make_md_mode=f_make_md_mode, f_draw_model_bbox=f_draw_model_bbox, f_draw_line_sort_bbox=f_draw_line_sort_bbox, f_draw_char_bbox=f_draw_char_bbox)
    ïżœïżœ         ïżœïżœ           ïżœïżœ              ïżœïżœ                     ïżœïżœ           ïżœïżœ             ïżœïżœ                         ïżœïżœ                          ïżœïżœ                 ïżœïżœ                  ïżœïżœ                            ïżœïżœ                            ïżœïżœ                               ïżœïżœ                                    ïżœïżœ                             ïżœïżœ                             ïżœïżœ                                     ïżœïżœ                                  ïżœïżœ                                    ïżœïżœ                                   ïżœïżœ                                 ïżœïżœ                                        ïżœïżœ                                       ïżœïżœ False
    ïżœïżœ         ïżœïżœ           ïżœïżœ              ïżœïżœ                     ïżœïżœ           ïżœïżœ             ïżœïżœ                         ïżœïżœ                          ïżœïżœ                 ïżœïżœ                  ïżœïżœ                            ïżœïżœ                            ïżœïżœ                               ïżœïżœ                                    ïżœïżœ                             ïżœïżœ                             ïżœïżœ                                     ïżœïżœ                                  ïżœïżœ                                    ïżœïżœ                                   ïżœïżœ                                 ïżœïżœ                                        ïżœïżœ False
    ïżœïżœ         ïżœïżœ           ïżœïżœ              ïżœïżœ                     ïżœïżœ           ïżœïżœ             ïżœïżœ                         ïżœïżœ                          ïżœïżœ                 ïżœïżœ                  ïżœïżœ                            ïżœïżœ                            ïżœïżœ                               ïżœïżœ                                    ïżœïżœ                             ïżœïżœ                             ïżœïżœ                                     ïżœïżœ                                  ïżœïżœ                                    ïżœïżœ                                   ïżœïżœ                                 ïżœïżœ False
    ïżœïżœ         ïżœïżœ           ïżœïżœ              ïżœïżœ                     ïżœïżœ           ïżœïżœ             ïżœïżœ                         ïżœïżœ                          ïżœïżœ                 ïżœïżœ                  ïżœïżœ                            ïżœïżœ                            ïżœïżœ                               ïżœïżœ                                    ïżœïżœ                             ïżœïżœ                             ïżœïżœ                                     ïżœïżœ                                  ïżœïżœ                                    ïżœïżœ                                   ïżœïżœ 'mm_markdown'
    ïżœïżœ         ïżœïżœ           ïżœïżœ              ïżœïżœ                     ïżœïżœ           ïżœïżœ             ïżœïżœ                         ïżœïżœ                          ïżœïżœ                 ïżœïżœ                  ïżœïżœ                            ïżœïżœ                            ïżœïżœ                               ïżœïżœ                                    ïżœïżœ                             ïżœïżœ                             ïżœïżœ                                     ïżœïżœ                                  ïżœïżœ                                    ïżœïżœ True
    ïżœïżœ         ïżœïżœ           ïżœïżœ              ïżœïżœ                     ïżœïżœ           ïżœïżœ             ïżœïżœ                         ïżœïżœ                          ïżœïżœ                 ïżœïżœ                  ïżœïżœ                            ïżœïżœ                            ïżœïżœ                               ïżœïżœ                                    ïżœïżœ                             ïżœïżœ                             ïżœïżœ                                     ïżœïżœ                                  ïżœïżœ True
    ïżœïżœ         ïżœïżœ           ïżœïżœ              ïżœïżœ                     ïżœïżœ           ïżœïżœ             ïżœïżœ                         ïżœïżœ                          ïżœïżœ                 ïżœïżœ                  ïżœïżœ                            ïżœïżœ                            ïżœïżœ                               ïżœïżœ                                    ïżœïżœ                             ïżœïżœ                             ïżœïżœ                                     ïżœïżœ True
    ïżœïżœ         ïżœïżœ           ïżœïżœ              ïżœïżœ                     ïżœïżœ           ïżœïżœ             ïżœïżœ                         ïżœïżœ                          ïżœïżœ                 ïżœïżœ                  ïżœïżœ                            ïżœïżœ                            ïżœïżœ                               ïżœïżœ                                    ïżœïżœ                             ïżœïżœ                             ïżœïżœ True
    ïżœïżœ         ïżœïżœ           ïżœïżœ              ïżœïżœ                     ïżœïżœ           ïżœïżœ             ïżœïżœ                         ïżœïżœ                          ïżœïżœ                 ïżœïżœ                  ïżœïżœ                            ïżœïżœ                            ïżœïżœ                               ïżœïżœ                                    ïżœïżœ                             ïżœïżœ True
    ïżœïżœ         ïżœïżœ           ïżœïżœ              ïżœïżœ                     ïżœïżœ           ïżœïżœ             ïżœïżœ                         ïżœïżœ                          ïżœïżœ                 ïżœïżœ                  ïżœïżœ                            ïżœïżœ                            ïżœïżœ                               ïżœïżœ                                    ïżœïżœ True
    ïżœïżœ         ïżœïżœ           ïżœïżœ              ïżœïżœ                     ïżœïżœ           ïżœïżœ             ïżœïżœ                         ïżœïżœ                          ïżœïżœ                 ïżœïżœ                  ïżœïżœ                            ïżœïżœ                            ïżœïżœ                               ïżœïżœ True
    ïżœïżœ         ïżœïżœ           ïżœïżœ              ïżœïżœ                     ïżœïżœ           ïżœïżœ             ïżœïżœ                         ïżœïżœ                          ïżœïżœ                 ïżœïżœ                  ïżœïżœ                            ïżœïżœ                            ïżœïżœ None
    ïżœïżœ         ïżœïżœ           ïżœïżœ              ïżœïżœ                     ïżœïżœ           ïżœïżœ             ïżœïżœ                         ïżœïżœ                          ïżœïżœ                 ïżœïżœ                  ïżœïżœ                            ïżœïżœ None
    ïżœïżœ         ïżœïżœ           ïżœïżœ              ïżœïżœ                     ïżœïżœ           ïżœïżœ             ïżœïżœ                         ïżœïżœ                          ïżœïżœ                 ïżœïżœ                  ïżœïżœ None
    ïżœïżœ         ïżœïżœ           ïżœïżœ              ïżœïżœ                     ïżœïżœ           ïżœïżœ             ïżœïżœ                         ïżœïżœ                          ïżœïżœ                 ïżœïżœ None
    ïżœïżœ         ïżœïżœ           ïżœïżœ              ïżœïżœ                     ïżœïżœ           ïżœïżœ             ïżœïżœ                         ïżœïżœ                          ïżœïżœ None
    ïżœïżœ         ïżœïżœ           ïżœïżœ              ïżœïżœ                     ïżœïżœ           ïżœïżœ             ïżœïżœ                         ïżœïżœ 0
    ïżœïżœ         ïżœïżœ           ïżœïżœ              ïżœïżœ                     ïżœïżœ           ïżœïżœ             ïżœïżœ False
    ïżœïżœ         ïżœïżœ           ïżœïżœ              ïżœïżœ                     ïżœïżœ           ïżœïżœ 'auto'
    ïżœïżœ         ïżœïżœ           ïżœïżœ              ïżœïżœ                     ïżœïżœ []
    ïżœïżœ         ïżœïżœ           ïżœïżœ              ïżœïżœ b'%PDF-1.5\n%\x8f\n181 0 obj\n<< /Filter /FlateDecode /Length 3089 >>\nstream\nx\xda\xadY[s\xe3D\x16~\xcf\xaf\xf0\xd3\x96]5V\...
    ïżœïżœ         ïżœïżœ           ïżœïżœ 'compgcn_Composition-based Multi-Relational Graph Convolutional Networks'
    ïżœïżœ         ïżœïżœ 'E:\\code\\fastMCP\\ai_review\\code_evaluation\\baseline\\compgcn\\paper_extracted\\mineru'
    ïżœïżœ <function _do_parse at 0x000001F4ED3B1440>
  File "C:\Users\kabada\.conda\envs\ai_review\Lib\site-packages\magic_pdf\tools\common.py", line 95, in _do_parse
    from magic_pdf.operators.models import InferenceResult
  File "C:\Users\kabada\.conda\envs\ai_review\Lib\site-packages\magic_pdf\operators\__init__.py", line 6, in <module>
    from magic_pdf.operators.pipes import PipeResult
  File "C:\Users\kabada\.conda\envs\ai_review\Lib\site-packages\magic_pdf\operators\pipes.py", line 9, in <module>
    from magic_pdf.dict2md.ocr_mkcontent import union_make
  File "C:\Users\kabada\.conda\envs\ai_review\Lib\site-packages\magic_pdf\dict2md\ocr_mkcontent.py", line 163, in <module>
    latex_delimiters_config = get_latex_delimiter_config()
                              ïżœïżœ <function get_latex_delimiter_config at 0x000001F4F4B0D300>
  File "C:\Users\kabada\.conda\envs\ai_review\Lib\site-packages\magic_pdf\libs\config_reader.py", line 129, in get_latex_delimiter_config
    config = read_config()
             ïżœïżœ <function read_config at 0x000001F4F4B0CC20>
  File "C:\Users\kabada\.conda\envs\ai_review\Lib\site-packages\magic_pdf\libs\config_reader.py", line 23, in read_config
    raise FileNotFoundError(f'{config_file} not found')

[31m[1mFileNotFoundError[0m:[1m C:\Users\kabada\magic-pdf.json not found[0m
