[32m2026-01-07 10:02:44.915[0m | [33m[1mWARNING [0m | [36mmagic_pdf.libs.config_reader[0m:[36mget_latex_delimiter_config[0m:[36m132[0m - [33m[1m'latex-delimiter-config' not found in magic-pdf.json, use 'None' as default[0m
[32m2026-01-07 10:02:52.118[0m | [1mINFO    [0m | [36mmagic_pdf.data.dataset[0m:[36m__init__[0m:[36m157[0m - [1mlang: None[0m
[32m2026-01-07 10:02:52.774[0m | [1mINFO    [0m | [36mmagic_pdf.libs.pdf_check[0m:[36mdetect_invalid_chars[0m:[36m67[0m - [1mcid_count: 23, text_len: 33873, cid_chars_radio: 0.000682249644043664[0m
[32m2026-01-07 10:02:53.086[0m | [1mINFO    [0m | [36mmagic_pdf.model.doc_analyze_by_custom_model[0m:[36mdoc_analyze[0m:[36m162[0m - [1mBatch 1/1: 15 pages/15 pages[0m
[32m2026-01-07 10:02:53.093[0m | [1mINFO    [0m | [36mmagic_pdf.model.pdf_extract_kit[0m:[36m__init__[0m:[36m68[0m - [1mDocAnalysis init, this may take some times, layout_model: doclayout_yolo, apply_formula: False, apply_ocr: True, apply_table: False, table_model: rapid_table, lang: None[0m
[32m2026-01-07 10:02:53.093[0m | [1mINFO    [0m | [36mmagic_pdf.model.pdf_extract_kit[0m:[36m__init__[0m:[36m82[0m - [1musing device: cpu[0m
[32m2026-01-07 10:02:53.093[0m | [1mINFO    [0m | [36mmagic_pdf.model.pdf_extract_kit[0m:[36m__init__[0m:[36m86[0m - [1musing models_dir: E:\code\fastMCP\ai_review\code_evaluation\baseline\_mineru_models[0m
[32m2026-01-07 10:02:53.958[0m | [31m[1mERROR   [0m | [36mmagic_pdf.tools.cli[0m:[36mparse_doc[0m:[36m134[0m - [31m[1m[Errno 2] No such file or directory: 'E:\\code\\fastMCP\\ai_review\\code_evaluation\\baseline\\_mineru_models\\Layout\\YOLO\\doclayout_yolo_docstructbench_imgsz1280_2501.pt'[0m
[33m[1mTraceback (most recent call last):[0m

  File "<frozen runpy>", line 198, in _run_module_as_main
  File "<frozen runpy>", line 88, in _run_code

  File "[32mC:\Users\kabada\.conda\envs\ai_review\Scripts\magic-pdf.exe\[0m[32m[1m__main__.py[0m", line [33m6[0m, in [35m<module>[0m
    [1msys[0m[35m[1m.[0m[1mexit[0m[1m([0m[1mcli[0m[1m([0m[1m)[0m[1m)[0m
    [36mïżœïżœ   ïżœïżœ    ïżœïżœ [0m[36m[1m<Command cli>[0m
    [36mïżœïżœ   ïżœïżœ [0m[36m[1m<built-in function exit>[0m
    [36mïżœïżœ [0m[36m[1m<module 'sys' (built-in)>[0m

  File "C:\Users\kabada\.conda\envs\ai_review\Lib\site-packages\click\core.py", line 1485, in __call__
    return self.main(*args, **kwargs)
           ïżœïżœ    ïżœïżœ     ïżœïżœ       ïżœïżœ {}
           ïżœïżœ    ïżœïżœ     ïżœïżœ ()
           ïżœïżœ    ïżœïżœ <function Command.main at 0x0000019208F2D300>
           ïżœïżœ <Command cli>
  File "C:\Users\kabada\.conda\envs\ai_review\Lib\site-packages\click\core.py", line 1406, in main
    rv = self.invoke(ctx)
         ïżœïżœ    ïżœïżœ      ïżœïżœ <click.core.Context object at 0x0000019240379B90>
         ïżœïżœ    ïżœïżœ <function Command.invoke at 0x0000019208F2CFE0>
         ïżœïżœ <Command cli>
  File "C:\Users\kabada\.conda\envs\ai_review\Lib\site-packages\click\core.py", line 1269, in invoke
    return ctx.invoke(self.callback, **ctx.params)
           ïżœïżœ   ïżœïżœ      ïżœïżœ    ïżœïżœ           ïżœïżœ   ïżœïżœ {'path': 'E:\\code\\fastMCP\\ai_review\\code_evaluation\\papers\\compgcn\\compgcn_Composition-based Multi-Relational Graph Co...
           ïżœïżœ   ïżœïżœ      ïżœïżœ    ïżœïżœ           ïżœïżœ <click.core.Context object at 0x0000019240379B90>
           ïżœïżœ   ïżœïżœ      ïżœïżœ    ïżœïżœ <function cli at 0x0000019240666A20>
           ïżœïżœ   ïżœïżœ      ïżœïżœ <Command cli>
           ïżœïżœ   ïżœïżœ <function Context.invoke at 0x0000019208F2C220>
           ïżœïżœ <click.core.Context object at 0x0000019240379B90>
  File "C:\Users\kabada\.conda\envs\ai_review\Lib\site-packages\click\core.py", line 824, in invoke
    return callback(*args, **kwargs)
           ïżœïżœ         ïżœïżœ       ïżœïżœ {'path': 'E:\\code\\fastMCP\\ai_review\\code_evaluation\\papers\\compgcn\\compgcn_Composition-based Multi-Relational Graph Co...
           ïżœïżœ         ïżœïżœ ()
           ïżœïżœ <function cli at 0x0000019240666A20>
  File "C:\Users\kabada\.conda\envs\ai_review\Lib\site-packages\magic_pdf\tools\cli.py", line 155, in cli
    parse_doc(Path(path))
    ïżœïżœ         ïżœïżœ    ïżœïżœ 'E:\\code\\fastMCP\\ai_review\\code_evaluation\\papers\\compgcn\\compgcn_Composition-based Multi-Relational Graph Convolution...
    ïżœïżœ         ïżœïżœ <class 'pathlib.Path'>
    ïżœïżœ <function cli.<locals>.parse_doc at 0x00000192070A7EC0>
> File "C:\Users\kabada\.conda\envs\ai_review\Lib\site-packages\magic_pdf\tools\cli.py", line 121, in parse_doc
    do_parse(
    ïżœïżœ <function do_parse at 0x0000019240666020>
  File "C:\Users\kabada\.conda\envs\ai_review\Lib\site-packages\magic_pdf\tools\common.py", line 284, in do_parse
    _do_parse(output_dir, pdf_file_name, pdf_bytes_or_dataset, model_list, parse_method, debug_able, start_page_id=start_page_id, end_page_id=end_page_id, lang=lang, layout_model=layout_model, formula_enable=formula_enable, table_enable=table_enable,  f_draw_span_bbox=f_draw_span_bbox, f_draw_layout_bbox=f_draw_layout_bbox, f_dump_md=f_dump_md, f_dump_middle_json=f_dump_middle_json, f_dump_model_json=f_dump_model_json, f_dump_orig_pdf=f_dump_orig_pdf, f_dump_content_list=f_dump_content_list, f_make_md_mode=f_make_md_mode, f_draw_model_bbox=f_draw_model_bbox, f_draw_line_sort_bbox=f_draw_line_sort_bbox, f_draw_char_bbox=f_draw_char_bbox)
    ïżœïżœ         ïżœïżœ           ïżœïżœ              ïżœïżœ                     ïżœïżœ           ïżœïżœ             ïżœïżœ                         ïżœïżœ                          ïżœïżœ                 ïżœïżœ                  ïżœïżœ                            ïżœïżœ                            ïżœïżœ                               ïżœïżœ                                    ïżœïżœ                             ïżœïżœ                             ïżœïżœ                                     ïżœïżœ                                  ïżœïżœ                                    ïżœïżœ                                   ïżœïżœ                                 ïżœïżœ                                        ïżœïżœ                                       ïżœïżœ False
    ïżœïżœ         ïżœïżœ           ïżœïżœ              ïżœïżœ                     ïżœïżœ           ïżœïżœ             ïżœïżœ                         ïżœïżœ                          ïżœïżœ                 ïżœïżœ                  ïżœïżœ                            ïżœïżœ                            ïżœïżœ                               ïżœïżœ                                    ïżœïżœ                             ïżœïżœ                             ïżœïżœ                                     ïżœïżœ                                  ïżœïżœ                                    ïżœïżœ                                   ïżœïżœ                                 ïżœïżœ                                        ïżœïżœ False
    ïżœïżœ         ïżœïżœ           ïżœïżœ              ïżœïżœ                     ïżœïżœ           ïżœïżœ             ïżœïżœ                         ïżœïżœ                          ïżœïżœ                 ïżœïżœ                  ïżœïżœ                            ïżœïżœ                            ïżœïżœ                               ïżœïżœ                                    ïżœïżœ                             ïżœïżœ                             ïżœïżœ                                     ïżœïżœ                                  ïżœïżœ                                    ïżœïżœ                                   ïżœïżœ                                 ïżœïżœ False
    ïżœïżœ         ïżœïżœ           ïżœïżœ              ïżœïżœ                     ïżœïżœ           ïżœïżœ             ïżœïżœ                         ïżœïżœ                          ïżœïżœ                 ïżœïżœ                  ïżœïżœ                            ïżœïżœ                            ïżœïżœ                               ïżœïżœ                                    ïżœïżœ                             ïżœïżœ                             ïżœïżœ                                     ïżœïżœ                                  ïżœïżœ                                    ïżœïżœ                                   ïżœïżœ 'mm_markdown'
    ïżœïżœ         ïżœïżœ           ïżœïżœ              ïżœïżœ                     ïżœïżœ           ïżœïżœ             ïżœïżœ                         ïżœïżœ                          ïżœïżœ                 ïżœïżœ                  ïżœïżœ                            ïżœïżœ                            ïżœïżœ                               ïżœïżœ                                    ïżœïżœ                             ïżœïżœ                             ïżœïżœ                                     ïżœïżœ                                  ïżœïżœ                                    ïżœïżœ True
    ïżœïżœ         ïżœïżœ           ïżœïżœ              ïżœïżœ                     ïżœïżœ           ïżœïżœ             ïżœïżœ                         ïżœïżœ                          ïżœïżœ                 ïżœïżœ                  ïżœïżœ                            ïżœïżœ                            ïżœïżœ                               ïżœïżœ                                    ïżœïżœ                             ïżœïżœ                             ïżœïżœ                                     ïżœïżœ                                  ïżœïżœ True
    ïżœïżœ         ïżœïżœ           ïżœïżœ              ïżœïżœ                     ïżœïżœ           ïżœïżœ             ïżœïżœ                         ïżœïżœ                          ïżœïżœ                 ïżœïżœ                  ïżœïżœ                            ïżœïżœ                            ïżœïżœ                               ïżœïżœ                                    ïżœïżœ                             ïżœïżœ                             ïżœïżœ                                     ïżœïżœ True
    ïżœïżœ         ïżœïżœ           ïżœïżœ              ïżœïżœ                     ïżœïżœ           ïżœïżœ             ïżœïżœ                         ïżœïżœ                          ïżœïżœ                 ïżœïżœ                  ïżœïżœ                            ïżœïżœ                            ïżœïżœ                               ïżœïżœ                                    ïżœïżœ                             ïżœïżœ                             ïżœïżœ True
    ïżœïżœ         ïżœïżœ           ïżœïżœ              ïżœïżœ                     ïżœïżœ           ïżœïżœ             ïżœïżœ                         ïżœïżœ                          ïżœïżœ                 ïżœïżœ                  ïżœïżœ                            ïżœïżœ                            ïżœïżœ                               ïżœïżœ                                    ïżœïżœ                             ïżœïżœ True
    ïżœïżœ         ïżœïżœ           ïżœïżœ              ïżœïżœ                     ïżœïżœ           ïżœïżœ             ïżœïżœ                         ïżœïżœ                          ïżœïżœ                 ïżœïżœ                  ïżœïżœ                            ïżœïżœ                            ïżœïżœ                               ïżœïżœ                                    ïżœïżœ True
    ïżœïżœ         ïżœïżœ           ïżœïżœ              ïżœïżœ                     ïżœïżœ           ïżœïżœ             ïżœïżœ                         ïżœïżœ                          ïżœïżœ                 ïżœïżœ                  ïżœïżœ                            ïżœïżœ                            ïżœïżœ                               ïżœïżœ True
    ïżœïżœ         ïżœïżœ           ïżœïżœ              ïżœïżœ                     ïżœïżœ           ïżœïżœ             ïżœïżœ                         ïżœïżœ                          ïżœïżœ                 ïżœïżœ                  ïżœïżœ                            ïżœïżœ                            ïżœïżœ None
    ïżœïżœ         ïżœïżœ           ïżœïżœ              ïżœïżœ                     ïżœïżœ           ïżœïżœ             ïżœïżœ                         ïżœïżœ                          ïżœïżœ                 ïżœïżœ                  ïżœïżœ                            ïżœïżœ None
    ïżœïżœ         ïżœïżœ           ïżœïżœ              ïżœïżœ                     ïżœïżœ           ïżœïżœ             ïżœïżœ                         ïżœïżœ                          ïżœïżœ                 ïżœïżœ                  ïżœïżœ None
    ïżœïżœ         ïżœïżœ           ïżœïżœ              ïżœïżœ                     ïżœïżœ           ïżœïżœ             ïżœïżœ                         ïżœïżœ                          ïżœïżœ                 ïżœïżœ None
    ïżœïżœ         ïżœïżœ           ïżœïżœ              ïżœïżœ                     ïżœïżœ           ïżœïżœ             ïżœïżœ                         ïżœïżœ                          ïżœïżœ None
    ïżœïżœ         ïżœïżœ           ïżœïżœ              ïżœïżœ                     ïżœïżœ           ïżœïżœ             ïżœïżœ                         ïżœïżœ 0
    ïżœïżœ         ïżœïżœ           ïżœïżœ              ïżœïżœ                     ïżœïżœ           ïżœïżœ             ïżœïżœ False
    ïżœïżœ         ïżœïżœ           ïżœïżœ              ïżœïżœ                     ïżœïżœ           ïżœïżœ 'auto'
    ïżœïżœ         ïżœïżœ           ïżœïżœ              ïżœïżœ                     ïżœïżœ []
    ïżœïżœ         ïżœïżœ           ïżœïżœ              ïżœïżœ b'%PDF-1.5\n%\x8f\n181 0 obj\n<< /Filter /FlateDecode /Length 3089 >>\nstream\nx\xda\xadY[s\xe3D\x16~\xcf\xaf\xf0\xd3\x96]5V\...
    ïżœïżœ         ïżœïżœ           ïżœïżœ 'compgcn_Composition-based Multi-Relational Graph Convolutional Networks'
    ïżœïżœ         ïżœïżœ 'E:\\code\\fastMCP\\ai_review\\code_evaluation\\baseline\\compgcn\\paper_extracted\\mineru'
    ïżœïżœ <function _do_parse at 0x0000019238E9EB60>
  File "C:\Users\kabada\.conda\envs\ai_review\Lib\site-packages\magic_pdf\tools\common.py", line 119, in _do_parse
    infer_result = ds.apply(
                   ïżœïżœ  ïżœïżœ <function PymuDocDataset.apply at 0x00000192389C7880>
                   ïżœïżœ <magic_pdf.data.dataset.PymuDocDataset object at 0x00000192405F9050>
  File "C:\Users\kabada\.conda\envs\ai_review\Lib\site-packages\magic_pdf\data\dataset.py", line 214, in apply
    return proc(self, *args, **kwargs)
           ïżœïżœ    ïżœïżœ      ïżœïżœ       ïżœïżœ {'ocr': False, 'lang': None, 'layout_model': None, 'formula_enable': None, 'table_enable': None}
           ïżœïżœ    ïżœïżœ      ïżœïżœ ()
           ïżœïżœ    ïżœïżœ <magic_pdf.data.dataset.PymuDocDataset object at 0x00000192405F9050>
           ïżœïżœ <function doc_analyze at 0x0000019240665E40>
  File "C:\Users\kabada\.conda\envs\ai_review\Lib\site-packages\magic_pdf\model\doc_analyze_by_custom_model.py", line 163, in doc_analyze
    result = may_batch_image_analyze(batch_image, ocr, show_log,layout_model, formula_enable, table_enable)
             ïżœïżœ                       ïżœïżœ            ïżœïżœ    ïżœïżœ        ïżœïżœ             ïżœïżœ               ïżœïżœ None
             ïżœïżœ                       ïżœïżœ            ïżœïżœ    ïżœïżœ        ïżœïżœ             ïżœïżœ None
             ïżœïżœ                       ïżœïżœ            ïżœïżœ    ïżœïżœ        ïżœïżœ None
             ïżœïżœ                       ïżœïżœ            ïżœïżœ    ïżœïżœ False
             ïżœïżœ                       ïżœïżœ            ïżœïżœ False
             ïżœïżœ                       ïżœïżœ [(array([[[255, 255, 255],
             ïżœïżœ                                 [255, 255, 255],
             ïżœïżœ                                 [255, 255, 255],
             ïżœïżœ                                 ...,
             ïżœïżœ                                 [255, 255, 255],
             ïżœïżœ                                 [2...
             ïżœïżœ <function may_batch_image_analyze at 0x0000019240665F80>
  File "C:\Users\kabada\.conda\envs\ai_review\Lib\site-packages\magic_pdf\model\doc_analyze_by_custom_model.py", line 288, in may_batch_image_analyze
    results = batch_model(images_with_extra_info)
              ïżœïżœ           ïżœïżœ [(array([[[255, 255, 255],
              ïżœïżœ                     [255, 255, 255],
              ïżœïżœ                     [255, 255, 255],
              ïżœïżœ                     ...,
              ïżœïżœ                     [255, 255, 255],
              ïżœïżœ                     [2...
              ïżœïżœ <magic_pdf.model.batch_analyze.BatchAnalyze object at 0x000001924B32C290>
  File "C:\Users\kabada\.conda\envs\ai_review\Lib\site-packages\magic_pdf\model\batch_analyze.py", line 33, in __call__
    self.model = self.model_manager.get_model(
    ïżœïżœ            ïżœïżœ    ïżœïżœ             ïżœïżœ <function ModelSingleton.get_model at 0x0000019240665D00>
    ïżœïżœ            ïżœïżœ    ïżœïżœ <magic_pdf.model.doc_analyze_by_custom_model.ModelSingleton object at 0x000001924B36A410>
    ïżœïżœ            ïżœïżœ <magic_pdf.model.batch_analyze.BatchAnalyze object at 0x000001924B32C290>
    ïżœïżœ <magic_pdf.model.batch_analyze.BatchAnalyze object at 0x000001924B32C290>
  File "C:\Users\kabada\.conda\envs\ai_review\Lib\site-packages\magic_pdf\model\doc_analyze_by_custom_model.py", line 46, in get_model
    self._models[key] = custom_model_init(
    ïżœïżœ    ïżœïżœ       ïżœïżœ      ïżœïżœ <function custom_model_init at 0x0000019238EB5D00>
    ïżœïżœ    ïżœïżœ       ïżœïżœ (True, False, None, None, None, None)
    ïżœïżœ    ïżœïżœ {}
    ïżœïżœ <magic_pdf.model.doc_analyze_by_custom_model.ModelSingleton object at 0x000001924B36A410>
  File "C:\Users\kabada\.conda\envs\ai_review\Lib\site-packages\magic_pdf\model\doc_analyze_by_custom_model.py", line 111, in custom_model_init
    custom_model = CustomPEKModel(**model_input)
                   ïżœïżœ                ïżœïżœ {'ocr': True, 'show_log': False, 'models_dir': 'E:\\code\\fastMCP\\ai_review\\code_evaluation\\baseline\\_mineru_models', 'de...
                   ïżœïżœ <class 'magic_pdf.model.pdf_extract_kit.CustomPEKModel'>
  File "C:\Users\kabada\.conda\envs\ai_review\Lib\site-packages\magic_pdf\model\pdf_extract_kit.py", line 134, in __init__
    self.layout_model = atom_model_manager.get_atom_model(
    ïżœïżœ                   ïżœïżœ                  ïżœïżœ <function AtomModelSingleton.get_atom_model at 0x000001924A1D31A0>
    ïżœïżœ                   ïżœïżœ <magic_pdf.model.sub_modules.model_init.AtomModelSingleton object at 0x000001924B6FF090>
    ïżœïżœ <magic_pdf.model.pdf_extract_kit.CustomPEKModel object at 0x000001924A1DAB90>
  File "C:\Users\kabada\.conda\envs\ai_review\Lib\site-packages\magic_pdf\model\sub_modules\model_init.py", line 150, in get_atom_model
    self._models[key] = atom_model_init(model_name=atom_model_name, **kwargs)
    ïżœïżœ    ïżœïżœ       ïżœïżœ      ïżœïżœ                          ïżœïżœ                  ïżœïżœ {'layout_model_name': 'doclayout_yolo', 'doclayout_yolo_weights': 'E:\\code\\fastMCP\\ai_review\\code_evaluation\\baseline\\_...
    ïżœïżœ    ïżœïżœ       ïżœïżœ      ïżœïżœ                          ïżœïżœ 'layout'
    ïżœïżœ    ïżœïżœ       ïżœïżœ      ïżœïżœ <function atom_model_init at 0x000001924A1D3060>
    ïżœïżœ    ïżœïżœ       ïżœïżœ ('layout', 'doclayout_yolo')
    ïżœïżœ    ïżœïżœ {}
    ïżœïżœ <magic_pdf.model.sub_modules.model_init.AtomModelSingleton object at 0x000001924B6FF090>
  File "C:\Users\kabada\.conda\envs\ai_review\Lib\site-packages\magic_pdf\model\sub_modules\model_init.py", line 163, in atom_model_init
    atom_model = doclayout_yolo_model_init(
                 ïżœïżœ <function doclayout_yolo_model_init at 0x000001924A1D2E80>
  File "C:\Users\kabada\.conda\envs\ai_review\Lib\site-packages\magic_pdf\model\sub_modules\model_init.py", line 88, in doclayout_yolo_model_init
    model = DocLayoutYOLOModel(weight, device)
            ïżœïżœ                  ïżœïżœ       ïżœïżœ 'cpu'
            ïżœïżœ                  ïżœïżœ 'E:\\code\\fastMCP\\ai_review\\code_evaluation\\baseline\\_mineru_models\\Layout/YOLO/doclayout_yolo_docstructbench_imgsz1280...
            ïżœïżœ <class 'magic_pdf.model.sub_modules.layout.doclayout_yolo.DocLayoutYOLO.DocLayoutYOLOModel'>
  File "C:\Users\kabada\.conda\envs\ai_review\Lib\site-packages\magic_pdf\model\sub_modules\layout\doclayout_yolo\DocLayoutYOLO.py", line 7, in __init__
    self.model = YOLOv10(weight)
    ïżœïżœ            ïżœïżœ       ïżœïżœ 'E:\\code\\fastMCP\\ai_review\\code_evaluation\\baseline\\_mineru_models\\Layout/YOLO/doclayout_yolo_docstructbench_imgsz1280...
    ïżœïżœ            ïżœïżœ <class 'doclayout_yolo.models.yolov10.model.YOLOv10'>
    ïżœïżœ <magic_pdf.model.sub_modules.layout.doclayout_yolo.DocLayoutYOLO.DocLayoutYOLOModel object at 0x000001924B346B10>
  File "C:\Users\kabada\.conda\envs\ai_review\Lib\site-packages\doclayout_yolo\models\yolov10\model.py", line 12, in __init__
    super().__init__(model=model, task=task, verbose=verbose)
                           ïżœïżœ           ïżœïżœ             ïżœïżœ False
                           ïżœïżœ           ïżœïżœ None
                           ïżœïżœ 'E:\\code\\fastMCP\\ai_review\\code_evaluation\\baseline\\_mineru_models\\Layout/YOLO/doclayout_yolo_docstructbench_imgsz1280...
  File "C:\Users\kabada\.conda\envs\ai_review\Lib\site-packages\doclayout_yolo\engine\model.py", line 144, in __init__
    self._load(model, task=task)
    ïżœïżœ    ïżœïżœ     ïżœïżœ           ïżœïżœ None
    ïżœïżœ    ïżœïżœ     ïżœïżœ 'E:\\code\\fastMCP\\ai_review\\code_evaluation\\baseline\\_mineru_models\\Layout/YOLO/doclayout_yolo_docstructbench_imgsz1280...
    ïżœïżœ    ïżœïżœ <function Model._load at 0x0000019249CD9A80>
    ïżœïżœ YOLOv10()
  File "C:\Users\kabada\.conda\envs\ai_review\Lib\site-packages\doclayout_yolo\engine\model.py", line 233, in _load
    self.model, self.ckpt = attempt_load_one_weight(weights)
    ïżœïżœ    ïżœïżœ      ïżœïżœ    ïżœïżœ      ïżœïżœ                       ïżœïżœ 'E:\\code\\fastMCP\\ai_review\\code_evaluation\\baseline\\_mineru_models\\Layout/YOLO/doclayout_yolo_docstructbench_imgsz1280...
    ïżœïżœ    ïżœïżœ      ïżœïżœ    ïżœïżœ      ïżœïżœ <function attempt_load_one_weight at 0x0000019248FC63E0>
    ïżœïżœ    ïżœïżœ      ïżœïżœ    ïżœïżœ None
    ïżœïżœ    ïżœïżœ      ïżœïżœ YOLOv10()
    ïżœïżœ    ïżœïżœ None
    ïżœïżœ YOLOv10()
  File "C:\Users\kabada\.conda\envs\ai_review\Lib\site-packages\doclayout_yolo\nn\tasks.py", line 807, in attempt_load_one_weight
    ckpt, weight = torch_safe_load(weight)  # load ckpt
                   ïżœïżœ               ïżœïżœ 'E:\\code\\fastMCP\\ai_review\\code_evaluation\\baseline\\_mineru_models\\Layout/YOLO/doclayout_yolo_docstructbench_imgsz1280...
                   ïżœïżœ <function torch_safe_load at 0x0000019248FC62A0>
  File "C:\Users\kabada\.conda\envs\ai_review\Lib\site-packages\doclayout_yolo\nn\tasks.py", line 733, in torch_safe_load
    ckpt = torch.load(file, map_location="cpu", weights_only=False)
           ïżœïżœ     ïżœïżœ    ïżœïżœ 'E:\\code\\fastMCP\\ai_review\\code_evaluation\\baseline\\_mineru_models\\Layout\\YOLO\\doclayout_yolo_docstructbench_imgsz12...
           ïżœïżœ     ïżœïżœ <function load at 0x000001923C835D00>
           ïżœïżœ <module 'torch' from 'C:\\Users\\kabada\\AppData\\Roaming\\Python\\Python311\\site-packages\\torch\\__init__.py'>
  File "C:\Users\kabada\AppData\Roaming\Python\Python311\site-packages\torch\serialization.py", line 1425, in load
    with _open_file_like(f, "rb") as opened_file:
         ïżœïżœ               ïżœïżœ 'E:\\code\\fastMCP\\ai_review\\code_evaluation\\baseline\\_mineru_models\\Layout\\YOLO\\doclayout_yolo_docstructbench_imgsz12...
         ïżœïżœ <function _open_file_like at 0x000001923C834E00>
  File "C:\Users\kabada\AppData\Roaming\Python\Python311\site-packages\torch\serialization.py", line 751, in _open_file_like
    return _open_file(name_or_buffer, mode)
           ïżœïżœ          ïżœïżœ               ïżœïżœ 'rb'
           ïżœïżœ          ïżœïżœ 'E:\\code\\fastMCP\\ai_review\\code_evaluation\\baseline\\_mineru_models\\Layout\\YOLO\\doclayout_yolo_docstructbench_imgsz12...
           ïżœïżœ <class 'torch.serialization._open_file'>
  File "C:\Users\kabada\AppData\Roaming\Python\Python311\site-packages\torch\serialization.py", line 732, in __init__
    super().__init__(open(name, mode))
                          ïżœïżœ     ïżœïżœ 'rb'
                          ïżœïżœ 'E:\\code\\fastMCP\\ai_review\\code_evaluation\\baseline\\_mineru_models\\Layout\\YOLO\\doclayout_yolo_docstructbench_imgsz12...

[31m[1mFileNotFoundError[0m:[1m [Errno 2] No such file or directory: 'E:\\code\\fastMCP\\ai_review\\code_evaluation\\baseline\\_mineru_models\\Layout\\YOLO\\doclayout_yolo_docstructbench_imgsz1280_2501.pt'[0m
